d:\6 helloworlds\glut\helloworlds\helloworlds\debug\vc141.pdb
d:\6 helloworlds\glut\helloworlds\helloworlds\debug\vc141.idb
d:\6 helloworlds\glut\helloworlds\helloworlds\debug\helloworld.obj
c:\users\cszju\downloads\helloworlds\helloworlds\helloworlds\debug\vc141.pdb
c:\users\cszju\downloads\helloworlds\helloworlds\helloworlds\debug\vc141.idb
c:\users\cszju\downloads\helloworlds\helloworlds\helloworlds\debug\helloworld.obj
d:\6 helloworlds\glut\helloworlds\debug\helloworlds.exe
d:\6 helloworlds\glut\helloworlds\debug\helloworlds.ilk
d:\6 helloworlds\glut\helloworlds\debug\helloworlds.pdb
c:\users\cszju\downloads\helloworlds\helloworlds\debug\helloworlds.ilk
c:\users\cszju\downloads\helloworlds\helloworlds\debug\helloworlds.exe
c:\users\cszju\downloads\helloworlds\helloworlds\debug\helloworlds.pdb
d:\onedrive - zju.edu.cn\cs\cg\helloworlds\helloworlds\debug\helloworld.obj
d:\onedrive - zju.edu.cn\cs\cg\helloworlds\helloworlds\debug\helloworlds.ilk
d:\onedrive - zju.edu.cn\cs\cg\helloworlds\helloworlds\debug\vc141.idb
d:\onedrive - zju.edu.cn\cs\cg\helloworlds\helloworlds\debug\helloworlds.pdb
d:\onedrive - zju.edu.cn\cs\cg\helloworlds\helloworlds\debug\vc141.pdb
d:\onedrive - zju.edu.cn\cs\cg\helloworlds\debug\helloworlds.pdb
d:\onedrive - zju.edu.cn\cs\cg\helloworlds\debug\helloworlds.exe
d:\onedrive - zju.edu.cn\cs\cg\helloworlds\debug\helloworlds.ilk
d:\onedrive - zju.edu.cn\cs\cg\helloworlds\helloworlds\debug\helloworlds.tlog\cl.command.1.tlog
d:\onedrive - zju.edu.cn\cs\cg\helloworlds\helloworlds\debug\helloworlds.tlog\cl.read.1.tlog
d:\onedrive - zju.edu.cn\cs\cg\helloworlds\helloworlds\debug\helloworlds.tlog\cl.write.1.tlog
d:\onedrive - zju.edu.cn\cs\cg\helloworlds\helloworlds\debug\helloworlds.tlog\link.command.1.tlog
d:\onedrive - zju.edu.cn\cs\cg\helloworlds\helloworlds\debug\helloworlds.tlog\link.read.1.tlog
d:\onedrive - zju.edu.cn\cs\cg\helloworlds\helloworlds\debug\helloworlds.tlog\link.write.1.tlog
